<?xml version="1.0" encoding="UTF-8"?>
<!-- Generated by org.testng.reporters.JUnitReportReporter -->
<testsuite hostname="Torrey" failures="0" tests="1" name="POSTAPIs.BookingAuthWithPojoTest" time="2.068" errors="0" timestamp="2023-08-09T15:10:20 PDT" skipped="0">
  <testcase classname="POSTAPIs.BookingAuthWithPojoTest" name="getBookingAuthTokenTest_With_Json_String" time="2.068"/>
</testsuite> <!-- POSTAPIs.BookingAuthWithPojoTest -->
