<?xml version="1.0" encoding="UTF-8"?>
<!-- Generated by org.testng.reporters.JUnitReportReporter -->
<testsuite hostname="Torrey" failures="0" tests="1" name="POSTAPIs.CreateUserWithPojoTest" time="3.503" errors="0" timestamp="2023-08-09T15:58:28 PDT" skipped="0">
  <testcase classname="POSTAPIs.CreateUserWithPojoTest" name="addUserTest" time="3.503"/>
</testsuite> <!-- POSTAPIs.CreateUserWithPojoTest -->
