<?xml version="1.0" encoding="UTF-8"?>
<!-- Generated by org.testng.reporters.JUnitReportReporter -->
<testsuite hostname="Torrey" failures="0" tests="1" name="PUTAPIs.UpdateUserTest" time="3.521" errors="0" timestamp="2023-08-15T13:15:23 PDT" skipped="0">
  <testcase classname="PUTAPIs.UpdateUserTest" name="updateUserTest" time="3.521"/>
</testsuite> <!-- PUTAPIs.UpdateUserTest -->
