<?xml version="1.0" encoding="UTF-8"?>
<!-- Generated by org.testng.reporters.JUnitReportReporter -->
<testsuite hostname="Torrey" failures="0" tests="1" name="com.pet.api.CreatePetTest" time="2.641" errors="0" timestamp="2023-08-13T23:33:35 PDT" skipped="0">
  <testcase classname="com.pet.api.CreatePetTest" name="createPet_WithBuilderPattern_Test" time="2.641"/>
</testsuite> <!-- com.pet.api.CreatePetTest -->
