<?xml version="1.0" encoding="UTF-8"?>
<!-- Generated by org.testng.reporters.JUnitReportReporter -->
<testsuite hostname="Torrey" failures="0" tests="1" name="com.fake.api.GetProduct" time="2.211" errors="0" timestamp="2023-08-14T22:20:48 PDT" skipped="0">
  <testcase classname="com.fake.api.GetProduct" name="getProductTest_Partial_BDD_5" time="2.211"/>
</testsuite> <!-- com.fake.api.GetProduct -->
