<?xml version="1.0" encoding="UTF-8"?>
<!-- Generated by org.testng.reporters.JUnitReportReporter -->
<testsuite hostname="Torrey" failures="0" tests="3" name="JsonPathValidatorTest.JsonPathTest" time="3.333" errors="0" timestamp="2023-08-14T22:26:59 PDT" skipped="0">
  <testcase classname="JsonPathValidatorTest.JsonPathTest" name="getCountryValue" time="1.738"/>
  <testcase classname="JsonPathValidatorTest.JsonPathTest" name="getCircuitDataAPIWith_YearTest" time="0.488"/>
  <testcase classname="JsonPathValidatorTest.JsonPathTest" name="getProductTest" time="1.107"/>
</testsuite> <!-- JsonPathValidatorTest.JsonPathTest -->
