<?xml version="1.0" encoding="UTF-8"?>
<!-- Generated by org.testng.reporters.JUnitReportReporter -->
<testsuite hostname="Torrey" failures="0" tests="3" name="GETAPIs.GETAPIRequestTest" time="3.381" errors="0" timestamp="2023-08-09T15:48:45 PDT" skipped="0">
  <testcase classname="GETAPIs.GETAPIRequestTest" name="getAllUserWithQueryParamenters_withHashMap_APITest" time="0.925"/>
  <testcase classname="GETAPIs.GETAPIRequestTest" name="getAllUserAPITest" time="1.595"/>
  <testcase classname="GETAPIs.GETAPIRequestTest" name="getAllUserWithQueryParamenterAPITest" time="0.861"/>
</testsuite> <!-- GETAPIs.GETAPIRequestTest -->
