<?xml version="1.0" encoding="UTF-8"?>
<!-- Generated by org.testng.reporters.JUnitReportReporter -->
<testsuite hostname="Torrey" failures="0" tests="1" name="DeleteAPIs.DeleteUserTest" time="4.522" errors="0" timestamp="2023-08-14T23:57:35 PDT" skipped="0">
  <testcase classname="DeleteAPIs.DeleteUserTest" name="deleteUserTest" time="4.522"/>
</testsuite> <!-- DeleteAPIs.DeleteUserTest -->
