<?xml version="1.0" encoding="UTF-8"?>
<!-- Generated by org.testng.reporters.JUnitReportReporter -->
<testsuite hostname="Torrey" failures="0" tests="4" name="GETAPIs.GETAPIWithPathParam" time="3.595" errors="0" timestamp="2023-08-08T10:39:15 PDT" skipped="0">
  <testcase classname="GETAPIs.GETAPIWithPathParam" name="getCircuitDataAPIWith_Year_DataProvider" time="2.360"/>
  <testcase classname="GETAPIs.GETAPIWithPathParam" name="getCircuitDataAPIWith_Year_DataProvider" time="0.423"/>
  <testcase classname="GETAPIs.GETAPIWithPathParam" name="getCircuitDataAPIWith_Year_DataProvider" time="0.391"/>
  <testcase classname="GETAPIs.GETAPIWithPathParam" name="getCircuitDataAPIWith_Year_DataProvider" time="0.421"/>
</testsuite> <!-- GETAPIs.GETAPIWithPathParam -->
