<?xml version="1.0" encoding="UTF-8"?>
<!-- Generated by org.testng.reporters.JUnitReportReporter -->
<testsuite hostname="Torrey" failures="0" tests="1" name="SpecificationConcept.ReqResSpecTest" time="2.353" errors="0" timestamp="2023-08-09T14:23:56 PDT" skipped="0">
  <testcase classname="SpecificationConcept.ReqResSpecTest" name="getUser_With_Req_Res_Spec_Test" time="2.353"/>
</testsuite> <!-- SpecificationConcept.ReqResSpecTest -->
