<?xml version="1.0" encoding="UTF-8"?>
<!-- Generated by org.testng.reporters.JUnitReportReporter -->
<testsuite hostname="Torrey" failures="0" tests="3" name="POSTAPIs.BookingAuthTest" time="4.477" errors="0" timestamp="2023-08-09T14:37:04 PDT" skipped="0">
  <testcase classname="POSTAPIs.BookingAuthTest" name="addUserTest" time="3.468"/>
  <testcase classname="POSTAPIs.BookingAuthTest" name="getBookingAuthTokenTest_With_Json_String" time="0.432"/>
  <testcase classname="POSTAPIs.BookingAuthTest" name="getBookingAuthTokenTest_With_JSON_File" time="0.577"/>
</testsuite> <!-- POSTAPIs.BookingAuthTest -->
