<?xml version="1.0" encoding="UTF-8"?>
<!-- Generated by org.testng.reporters.JUnitReportReporter -->
<testsuite hostname="Torrey" failures="0" tests="2" name="SpecificationConcept.ResponseSpecBuilderTest" time="3.149" errors="0" timestamp="2023-08-09T14:27:21 PDT" skipped="0">
  <testcase classname="SpecificationConcept.ResponseSpecBuilderTest" name="get_user_res_401_Auth_Fail_spec_Test" time="0.783"/>
  <testcase classname="SpecificationConcept.ResponseSpecBuilderTest" name="get_user_res_200_spec_Test" time="2.366"/>
</testsuite> <!-- SpecificationConcept.ResponseSpecBuilderTest -->
