<?xml version="1.0" encoding="UTF-8"?>
<!-- Generated by org.testng.reporters.JUnitReportReporter -->
<testsuite hostname="Torrey" failures="0" tests="1" name="GETAPIs.GETAPIRequestWithBDD" time="2.320" errors="0" timestamp="2023-08-07T23:33:59 PDT" skipped="0">
  <testcase classname="GETAPIs.GETAPIRequestWithBDD" name="getProductsTest" time="2.320"/>
</testsuite> <!-- GETAPIs.GETAPIRequestWithBDD -->
