<?xml version="1.0" encoding="UTF-8"?>
<!-- Generated by org.testng.reporters.JUnitReportReporter -->
<testsuite hostname="Torrey" failures="0" tests="3" name="com.product.api.ProductAPITest" time="2.775" errors="0" timestamp="2023-08-14T22:09:22 PDT" skipped="0">
  <testcase classname="com.product.api.ProductAPITest" name="getProductTest_With_POJO_Lombok_BuilderPattern" time="0.001"/>
  <testcase classname="com.product.api.ProductAPITest" name="getProductTest_With_POJO" time="2.167"/>
  <testcase classname="com.product.api.ProductAPITest" name="getProductTest_With_POJO_Lombok" time="0.607"/>
</testsuite> <!-- com.product.api.ProductAPITest -->
