<?xml version="1.0" encoding="UTF-8"?>
<!-- Generated by org.testng.reporters.JUnitReportReporter -->
<testsuite hostname="Torrey" failures="0" tests="1" name="com.user.api.CreateUserTestWithLombok" time="4.191" errors="0" timestamp="2023-08-15T12:42:29 PDT" skipped="0">
  <testcase classname="com.user.api.CreateUserTestWithLombok" name="createUser_WithBuilderPattern_Test" time="4.191"/>
</testsuite> <!-- com.user.api.CreateUserTestWithLombok -->
