<?xml version="1.0" encoding="UTF-8"?>
<!-- Generated by org.testng.reporters.JUnitReportReporter -->
<testsuite hostname="Torrey" failures="0" tests="2" name="SpecificationConcept.RequestSpecBuilderTest" time="2.895" errors="0" timestamp="2023-08-09T14:25:04 PDT" skipped="0">
  <testcase classname="SpecificationConcept.RequestSpecBuilderTest" name="getUser_With_Request_Spec" time="0.939"/>
  <testcase classname="SpecificationConcept.RequestSpecBuilderTest" name="getUser_With_Param_Request_Spec" time="1.956"/>
</testsuite> <!-- SpecificationConcept.RequestSpecBuilderTest -->
